
*** Running vivado
    with args -log HDMI_PS2_wrapper.vds -m64 -product Vivado -mode batch -messageDb vivado.pb -notrace -source HDMI_PS2_wrapper.tcl



****** Vivado v2025.1 (64-bit)
  **** SW Build 6140274 on Thu May 22 00:12:29 MDT 2025
  **** IP Build 6138677 on Thu May 22 03:10:11 MDT 2025
  **** SharedData Build 6139179 on Tue May 20 17:58:58 MDT 2025
  **** Start of session at: Mon May 11 09:33:55 2026
    ** Copyright 1986-2022 Xilinx, Inc. All Rights Reserved.
    ** Copyright 2022-2025 Advanced Micro Devices, Inc. All Rights Reserved.

Sourcing tcl script 'C:/Users/lab/AppData/Roaming/Xilinx/Vivado/Vivado_init.tcl'
source HDMI_PS2_wrapper.tcl -notrace
create_project: Time (s): cpu = 00:00:22 ; elapsed = 00:00:05 . Memory (MB): peak = 506.617 ; gain = 224.023
INFO: [IP_Flow 19-234] Refreshing IP repositories
INFO: [IP_Flow 19-1700] Loaded user IP repository 'c:/Xilinx/IP_Repo'.
INFO: [IP_Flow 19-2313] Loaded Vivado IP repository 'C:/Xilinx/2025.1/Vivado/data/ip'.
Command: read_checkpoint -auto_incremental -incremental {C:/Users/lab/Desktop/HDMI_PS2 ---- Kopia/HDMI_PS2.srcs/utils_1/imports/synth_1/HDMI_PS2_wrapper.dcp}
INFO: [Vivado 12-5825] Read reference checkpoint from C:/Users/lab/Desktop/HDMI_PS2 ---- Kopia/HDMI_PS2.srcs/utils_1/imports/synth_1/HDMI_PS2_wrapper.dcp for incremental synthesis
INFO: [Vivado 12-7989] Please ensure there are no constraint changes
Command: synth_design -top HDMI_PS2_wrapper -part xczu3eg-sfvc784-2-e
Starting synth_design
Attempting to get a license for feature 'Synthesis' and/or device 'xczu3eg'
INFO: [Common 17-349] Got license for feature 'Synthesis' and/or device 'xczu3eg'
INFO: [Device 21-403] Loading part xczu3eg-sfvc784-2-e
INFO: [Designutils 20-5440] No compile time benefit to using incremental synthesis; A full resynthesis will be run
INFO: [Designutils 20-4379] Flow is switching to default flow due to incremental criteria not met. If you would like to alter this behaviour and have the flow terminate instead, please set the following parameter config_implementation {autoIncr.Synth.RejectBehavior Terminate}
INFO: [Synth 8-7079] Multithreading enabled for synth_design using a maximum of 6 processes.
INFO: [Synth 8-7078] Launching helper process for spawning children vivado processes
INFO: [Synth 8-7075] Helper process launched with PID 19352
---------------------------------------------------------------------------------
Starting RTL Elaboration : Time (s): cpu = 00:00:06 ; elapsed = 00:00:07 . Memory (MB): peak = 1682.848 ; gain = 200.672
---------------------------------------------------------------------------------
INFO: [Synth 8-6157] synthesizing module 'HDMI_PS2_wrapper' [C:/Users/lab/Desktop/HDMI_PS2 ---- Kopia/HDMI_PS2.gen/sources_1/bd/HDMI_PS2/hdl/HDMI_PS2_wrapper.v:13]
INFO: [Synth 8-6157] synthesizing module 'HDMI_PS2' [c:/Users/lab/Desktop/HDMI_PS2 ---- Kopia/HDMI_PS2.gen/sources_1/bd/HDMI_PS2/synth/HDMI_PS2.v:13]
INFO: [Synth 8-6157] synthesizing module 'HDMI_PS2_HDMI_TX_0_0' [C:/Users/lab/Desktop/HDMI_PS2 ---- Kopia/HDMI_PS2.runs/synth_1/.Xil/Vivado-18200-Lab016-05/realtime/HDMI_PS2_HDMI_TX_0_0_stub.v:6]
INFO: [Synth 8-6155] done synthesizing module 'HDMI_PS2_HDMI_TX_0_0' (0#1) [C:/Users/lab/Desktop/HDMI_PS2 ---- Kopia/HDMI_PS2.runs/synth_1/.Xil/Vivado-18200-Lab016-05/realtime/HDMI_PS2_HDMI_TX_0_0_stub.v:6]
INFO: [Synth 8-6157] synthesizing module 'HDMI_PS2_ImgGen2_0_0' [C:/Users/lab/Desktop/HDMI_PS2 ---- Kopia/HDMI_PS2.runs/synth_1/.Xil/Vivado-18200-Lab016-05/realtime/HDMI_PS2_ImgGen2_0_0_stub.v:6]
INFO: [Synth 8-6155] done synthesizing module 'HDMI_PS2_ImgGen2_0_0' (0#1) [C:/Users/lab/Desktop/HDMI_PS2 ---- Kopia/HDMI_PS2.runs/synth_1/.Xil/Vivado-18200-Lab016-05/realtime/HDMI_PS2_ImgGen2_0_0_stub.v:6]
INFO: [Synth 8-6157] synthesizing module 'HDMI_PS2_MouseCtrl_0_1' [C:/Users/lab/Desktop/HDMI_PS2 ---- Kopia/HDMI_PS2.runs/synth_1/.Xil/Vivado-18200-Lab016-05/realtime/HDMI_PS2_MouseCtrl_0_1_stub.v:6]
INFO: [Synth 8-6155] done synthesizing module 'HDMI_PS2_MouseCtrl_0_1' (0#1) [C:/Users/lab/Desktop/HDMI_PS2 ---- Kopia/HDMI_PS2.runs/synth_1/.Xil/Vivado-18200-Lab016-05/realtime/HDMI_PS2_MouseCtrl_0_1_stub.v:6]
INFO: [Synth 8-6157] synthesizing module 'HDMI_PS2_OLED_ASCII_0_0' [C:/Users/lab/Desktop/HDMI_PS2 ---- Kopia/HDMI_PS2.runs/synth_1/.Xil/Vivado-18200-Lab016-05/realtime/HDMI_PS2_OLED_ASCII_0_0_stub.v:6]
INFO: [Synth 8-6155] done synthesizing module 'HDMI_PS2_OLED_ASCII_0_0' (0#1) [C:/Users/lab/Desktop/HDMI_PS2 ---- Kopia/HDMI_PS2.runs/synth_1/.Xil/Vivado-18200-Lab016-05/realtime/HDMI_PS2_OLED_ASCII_0_0_stub.v:6]
INFO: [Synth 8-6157] synthesizing module 'HDMI_PS2_OLED_GameInfo_0_0' [C:/Users/lab/Desktop/HDMI_PS2 ---- Kopia/HDMI_PS2.runs/synth_1/.Xil/Vivado-18200-Lab016-05/realtime/HDMI_PS2_OLED_GameInfo_0_0_stub.v:6]
INFO: [Synth 8-6155] done synthesizing module 'HDMI_PS2_OLED_GameInfo_0_0' (0#1) [C:/Users/lab/Desktop/HDMI_PS2 ---- Kopia/HDMI_PS2.runs/synth_1/.Xil/Vivado-18200-Lab016-05/realtime/HDMI_PS2_OLED_GameInfo_0_0_stub.v:6]
INFO: [Synth 8-6157] synthesizing module 'HDMI_PS2_PS2_Mouse_0_0' [C:/Users/lab/Desktop/HDMI_PS2 ---- Kopia/HDMI_PS2.runs/synth_1/.Xil/Vivado-18200-Lab016-05/realtime/HDMI_PS2_PS2_Mouse_0_0_stub.v:6]
INFO: [Synth 8-6155] done synthesizing module 'HDMI_PS2_PS2_Mouse_0_0' (0#1) [C:/Users/lab/Desktop/HDMI_PS2 ---- Kopia/HDMI_PS2.runs/synth_1/.Xil/Vivado-18200-Lab016-05/realtime/HDMI_PS2_PS2_Mouse_0_0_stub.v:6]
INFO: [Synth 8-6157] synthesizing module 'HDMI_PS2_VideoTiming_0_0' [C:/Users/lab/Desktop/HDMI_PS2 ---- Kopia/HDMI_PS2.runs/synth_1/.Xil/Vivado-18200-Lab016-05/realtime/HDMI_PS2_VideoTiming_0_0_stub.v:6]
INFO: [Synth 8-6155] done synthesizing module 'HDMI_PS2_VideoTiming_0_0' (0#1) [C:/Users/lab/Desktop/HDMI_PS2 ---- Kopia/HDMI_PS2.runs/synth_1/.Xil/Vivado-18200-Lab016-05/realtime/HDMI_PS2_VideoTiming_0_0_stub.v:6]
INFO: [Synth 8-6157] synthesizing module 'HDMI_PS2_clk_wiz_0_0' [C:/Users/lab/Desktop/HDMI_PS2 ---- Kopia/HDMI_PS2.runs/synth_1/.Xil/Vivado-18200-Lab016-05/realtime/HDMI_PS2_clk_wiz_0_0_stub.v:6]
INFO: [Synth 8-6155] done synthesizing module 'HDMI_PS2_clk_wiz_0_0' (0#1) [C:/Users/lab/Desktop/HDMI_PS2 ---- Kopia/HDMI_PS2.runs/synth_1/.Xil/Vivado-18200-Lab016-05/realtime/HDMI_PS2_clk_wiz_0_0_stub.v:6]
INFO: [Synth 8-6155] done synthesizing module 'HDMI_PS2' (0#1) [c:/Users/lab/Desktop/HDMI_PS2 ---- Kopia/HDMI_PS2.gen/sources_1/bd/HDMI_PS2/synth/HDMI_PS2.v:13]
INFO: [Synth 8-6155] done synthesizing module 'HDMI_PS2_wrapper' (0#1) [C:/Users/lab/Desktop/HDMI_PS2 ---- Kopia/HDMI_PS2.gen/sources_1/bd/HDMI_PS2/hdl/HDMI_PS2_wrapper.v:13]
---------------------------------------------------------------------------------
Finished RTL Elaboration : Time (s): cpu = 00:00:08 ; elapsed = 00:00:08 . Memory (MB): peak = 1791.387 ; gain = 309.211
---------------------------------------------------------------------------------
---------------------------------------------------------------------------------
Start Handling Custom Attributes
---------------------------------------------------------------------------------
---------------------------------------------------------------------------------
Finished Handling Custom Attributes : Time (s): cpu = 00:00:08 ; elapsed = 00:00:09 . Memory (MB): peak = 1791.387 ; gain = 309.211
---------------------------------------------------------------------------------
---------------------------------------------------------------------------------
Finished RTL Optimization Phase 1 : Time (s): cpu = 00:00:08 ; elapsed = 00:00:09 . Memory (MB): peak = 1791.387 ; gain = 309.211
---------------------------------------------------------------------------------
Netlist sorting complete. Time (s): cpu = 00:00:00 ; elapsed = 00:00:00.001 . Memory (MB): peak = 1791.387 ; gain = 0.000
INFO: [Project 1-570] Preparing netlist for logic optimization

Processing XDC Constraints
Initializing timing engine
Parsing XDC File [c:/Users/lab/Desktop/HDMI_PS2 ---- Kopia/HDMI_PS2.gen/sources_1/bd/HDMI_PS2/ip/HDMI_PS2_HDMI_TX_0_0/HDMI_PS2_HDMI_TX_0_0/HDMI_PS2_HDMI_TX_0_0_in_context.xdc] for cell 'HDMI_PS2_i/HDMI_TX_0'
Finished Parsing XDC File [c:/Users/lab/Desktop/HDMI_PS2 ---- Kopia/HDMI_PS2.gen/sources_1/bd/HDMI_PS2/ip/HDMI_PS2_HDMI_TX_0_0/HDMI_PS2_HDMI_TX_0_0/HDMI_PS2_HDMI_TX_0_0_in_context.xdc] for cell 'HDMI_PS2_i/HDMI_TX_0'
Parsing XDC File [c:/Users/lab/Desktop/HDMI_PS2 ---- Kopia/HDMI_PS2.gen/sources_1/bd/HDMI_PS2/ip/HDMI_PS2_VideoTiming_0_0/HDMI_PS2_VideoTiming_0_0/HDMI_PS2_VideoTiming_0_0_in_context.xdc] for cell 'HDMI_PS2_i/VideoTiming_0'
Finished Parsing XDC File [c:/Users/lab/Desktop/HDMI_PS2 ---- Kopia/HDMI_PS2.gen/sources_1/bd/HDMI_PS2/ip/HDMI_PS2_VideoTiming_0_0/HDMI_PS2_VideoTiming_0_0/HDMI_PS2_VideoTiming_0_0_in_context.xdc] for cell 'HDMI_PS2_i/VideoTiming_0'
Parsing XDC File [c:/Users/lab/Desktop/HDMI_PS2 ---- Kopia/HDMI_PS2.gen/sources_1/bd/HDMI_PS2/ip/HDMI_PS2_clk_wiz_0_0/HDMI_PS2_clk_wiz_0_0/HDMI_PS2_clk_wiz_0_0_in_context.xdc] for cell 'HDMI_PS2_i/clk_wiz_0'
create_clock: Time (s): cpu = 00:00:06 ; elapsed = 00:00:06 . Memory (MB): peak = 1806.191 ; gain = 13.953
Finished Parsing XDC File [c:/Users/lab/Desktop/HDMI_PS2 ---- Kopia/HDMI_PS2.gen/sources_1/bd/HDMI_PS2/ip/HDMI_PS2_clk_wiz_0_0/HDMI_PS2_clk_wiz_0_0/HDMI_PS2_clk_wiz_0_0_in_context.xdc] for cell 'HDMI_PS2_i/clk_wiz_0'
Parsing XDC File [c:/Users/lab/Desktop/HDMI_PS2 ---- Kopia/HDMI_PS2.gen/sources_1/bd/HDMI_PS2/ip/HDMI_PS2_PS2_Mouse_0_0/HDMI_PS2_PS2_Mouse_0_0/HDMI_PS2_PS2_Mouse_0_0_in_context.xdc] for cell 'HDMI_PS2_i/PS2_Mouse_0'
Finished Parsing XDC File [c:/Users/lab/Desktop/HDMI_PS2 ---- Kopia/HDMI_PS2.gen/sources_1/bd/HDMI_PS2/ip/HDMI_PS2_PS2_Mouse_0_0/HDMI_PS2_PS2_Mouse_0_0/HDMI_PS2_PS2_Mouse_0_0_in_context.xdc] for cell 'HDMI_PS2_i/PS2_Mouse_0'
Parsing XDC File [c:/Users/lab/Desktop/HDMI_PS2 ---- Kopia/HDMI_PS2.gen/sources_1/bd/HDMI_PS2/ip/HDMI_PS2_OLED_ASCII_0_0/HDMI_PS2_OLED_ASCII_0_0/HDMI_PS2_OLED_ASCII_0_0_in_context.xdc] for cell 'HDMI_PS2_i/OLED_ASCII_0'
Finished Parsing XDC File [c:/Users/lab/Desktop/HDMI_PS2 ---- Kopia/HDMI_PS2.gen/sources_1/bd/HDMI_PS2/ip/HDMI_PS2_OLED_ASCII_0_0/HDMI_PS2_OLED_ASCII_0_0/HDMI_PS2_OLED_ASCII_0_0_in_context.xdc] for cell 'HDMI_PS2_i/OLED_ASCII_0'
Parsing XDC File [c:/Users/lab/Desktop/HDMI_PS2 ---- Kopia/HDMI_PS2.gen/sources_1/bd/HDMI_PS2/ip/HDMI_PS2_MouseCtrl_0_1/HDMI_PS2_MouseCtrl_0_1/HDMI_PS2_MouseCtrl_0_1_in_context.xdc] for cell 'HDMI_PS2_i/MouseCtrl_0'
Finished Parsing XDC File [c:/Users/lab/Desktop/HDMI_PS2 ---- Kopia/HDMI_PS2.gen/sources_1/bd/HDMI_PS2/ip/HDMI_PS2_MouseCtrl_0_1/HDMI_PS2_MouseCtrl_0_1/HDMI_PS2_MouseCtrl_0_1_in_context.xdc] for cell 'HDMI_PS2_i/MouseCtrl_0'
Parsing XDC File [c:/Users/lab/Desktop/HDMI_PS2 ---- Kopia/HDMI_PS2.gen/sources_1/bd/HDMI_PS2/ip/HDMI_PS2_OLED_GameInfo_0_0/HDMI_PS2_OLED_GameInfo_0_0/HDMI_PS2_OLED_GameInfo_0_0_in_context.xdc] for cell 'HDMI_PS2_i/OLED_GameInfo_0'
Finished Parsing XDC File [c:/Users/lab/Desktop/HDMI_PS2 ---- Kopia/HDMI_PS2.gen/sources_1/bd/HDMI_PS2/ip/HDMI_PS2_OLED_GameInfo_0_0/HDMI_PS2_OLED_GameInfo_0_0/HDMI_PS2_OLED_GameInfo_0_0_in_context.xdc] for cell 'HDMI_PS2_i/OLED_GameInfo_0'
Parsing XDC File [c:/Users/lab/Desktop/HDMI_PS2 ---- Kopia/HDMI_PS2.gen/sources_1/bd/HDMI_PS2/ip/HDMI_PS2_ImgGen2_0_0/HDMI_PS2_ImgGen2_0_0/HDMI_PS2_ImgGen2_0_0_in_context.xdc] for cell 'HDMI_PS2_i/ImgGen2_0'
Finished Parsing XDC File [c:/Users/lab/Desktop/HDMI_PS2 ---- Kopia/HDMI_PS2.gen/sources_1/bd/HDMI_PS2/ip/HDMI_PS2_ImgGen2_0_0/HDMI_PS2_ImgGen2_0_0/HDMI_PS2_ImgGen2_0_0_in_context.xdc] for cell 'HDMI_PS2_i/ImgGen2_0'
Parsing XDC File [C:/Users/lab/Desktop/HDMI_PS2 ---- Kopia/HDMI_PS2.srcs/constrs_1/new/ZU3_Exp.xdc]
Finished Parsing XDC File [C:/Users/lab/Desktop/HDMI_PS2 ---- Kopia/HDMI_PS2.srcs/constrs_1/new/ZU3_Exp.xdc]
INFO: [Project 1-236] Implementation specific constraints were found while reading constraint file [C:/Users/lab/Desktop/HDMI_PS2 ---- Kopia/HDMI_PS2.srcs/constrs_1/new/ZU3_Exp.xdc]. These constraints will be ignored for synthesis but will be used in implementation. Impacted constraints are listed in the file [.Xil/HDMI_PS2_wrapper_propImpl.xdc].
Resolution: To avoid this warning, move constraints listed in [.Xil/HDMI_PS2_wrapper_propImpl.xdc] to another XDC file and exclude this new file from synthesis with the used_in_synthesis property (File Properties dialog in GUI) and re-run elaboration/synthesis.
Parsing XDC File [C:/Users/lab/Desktop/HDMI_PS2 ---- Kopia/HDMI_PS2.srcs/constrs_1/new/AUP-ZU3.xdc]
Finished Parsing XDC File [C:/Users/lab/Desktop/HDMI_PS2 ---- Kopia/HDMI_PS2.srcs/constrs_1/new/AUP-ZU3.xdc]
INFO: [Project 1-236] Implementation specific constraints were found while reading constraint file [C:/Users/lab/Desktop/HDMI_PS2 ---- Kopia/HDMI_PS2.srcs/constrs_1/new/AUP-ZU3.xdc]. These constraints will be ignored for synthesis but will be used in implementation. Impacted constraints are listed in the file [.Xil/HDMI_PS2_wrapper_propImpl.xdc].
Resolution: To avoid this warning, move constraints listed in [.Xil/HDMI_PS2_wrapper_propImpl.xdc] to another XDC file and exclude this new file from synthesis with the used_in_synthesis property (File Properties dialog in GUI) and re-run elaboration/synthesis.
Parsing XDC File [C:/Users/lab/Desktop/HDMI_PS2 ---- Kopia/HDMI_PS2.runs/synth_1/dont_touch.xdc]
Finished Parsing XDC File [C:/Users/lab/Desktop/HDMI_PS2 ---- Kopia/HDMI_PS2.runs/synth_1/dont_touch.xdc]
Completed Processing XDC Constraints

Netlist sorting complete. Time (s): cpu = 00:00:00 ; elapsed = 00:00:00.001 . Memory (MB): peak = 1806.191 ; gain = 0.000
INFO: [Project 1-111] Unisim Transformation Summary:
No Unisim elements were transformed.

Constraint Validation Runtime : Time (s): cpu = 00:00:00 ; elapsed = 00:00:00.005 . Memory (MB): peak = 1806.191 ; gain = 0.000
INFO: [Designutils 20-5440] No compile time benefit to using incremental synthesis; A full resynthesis will be run
INFO: [Designutils 20-4379] Flow is switching to default flow due to incremental criteria not met. If you would like to alter this behaviour and have the flow terminate instead, please set the following parameter config_implementation {autoIncr.Synth.RejectBehavior Terminate}
---------------------------------------------------------------------------------
Finished Constraint Validation : Time (s): cpu = 00:00:23 ; elapsed = 00:00:24 . Memory (MB): peak = 1806.191 ; gain = 324.016
---------------------------------------------------------------------------------
---------------------------------------------------------------------------------
Start Loading Part and Timing Information
---------------------------------------------------------------------------------
Loading part: xczu3eg-sfvc784-2-e
INFO: [Synth 8-6742] Reading net delay rules and data
---------------------------------------------------------------------------------
Finished Loading Part and Timing Information : Time (s): cpu = 00:00:23 ; elapsed = 00:00:24 . Memory (MB): peak = 1806.191 ; gain = 324.016
---------------------------------------------------------------------------------
---------------------------------------------------------------------------------
Start Applying 'set_property' XDC Constraints
---------------------------------------------------------------------------------
---------------------------------------------------------------------------------
Finished applying 'set_property' XDC Constraints : Time (s): cpu = 00:00:23 ; elapsed = 00:00:24 . Memory (MB): peak = 1806.191 ; gain = 324.016
---------------------------------------------------------------------------------
---------------------------------------------------------------------------------
Finished RTL Optimization Phase 2 : Time (s): cpu = 00:00:23 ; elapsed = 00:00:24 . Memory (MB): peak = 1806.191 ; gain = 324.016
---------------------------------------------------------------------------------
---------------------------------------------------------------------------------
Start RTL Component Statistics 
---------------------------------------------------------------------------------
Detailed RTL Component Info : 
---------------------------------------------------------------------------------
Finished RTL Component Statistics 
---------------------------------------------------------------------------------
---------------------------------------------------------------------------------
Start Part Resource Summary
---------------------------------------------------------------------------------
Part Resources:
DSPs: 360 (col length:72)
BRAMs: 432 (col length: RAMB18 72 RAMB36 36)
---------------------------------------------------------------------------------
Finished Part Resource Summary
---------------------------------------------------------------------------------
---------------------------------------------------------------------------------
Start Cross Boundary and Area Optimization
---------------------------------------------------------------------------------
---------------------------------------------------------------------------------
Finished Cross Boundary and Area Optimization : Time (s): cpu = 00:00:26 ; elapsed = 00:00:27 . Memory (MB): peak = 1813.578 ; gain = 331.402
---------------------------------------------------------------------------------
---------------------------------------------------------------------------------
Start Applying XDC Timing Constraints
---------------------------------------------------------------------------------
---------------------------------------------------------------------------------
Finished Applying XDC Timing Constraints : Time (s): cpu = 00:00:35 ; elapsed = 00:00:36 . Memory (MB): peak = 2520.066 ; gain = 1037.891
---------------------------------------------------------------------------------
---------------------------------------------------------------------------------
Start Timing Optimization
---------------------------------------------------------------------------------
---------------------------------------------------------------------------------
Finished Timing Optimization : Time (s): cpu = 00:00:35 ; elapsed = 00:00:36 . Memory (MB): peak = 2520.066 ; gain = 1037.891
---------------------------------------------------------------------------------
---------------------------------------------------------------------------------
Start Technology Mapping
---------------------------------------------------------------------------------
---------------------------------------------------------------------------------
Finished Technology Mapping : Time (s): cpu = 00:00:35 ; elapsed = 00:00:36 . Memory (MB): peak = 2529.656 ; gain = 1047.480
---------------------------------------------------------------------------------
---------------------------------------------------------------------------------
Start IO Insertion
---------------------------------------------------------------------------------
---------------------------------------------------------------------------------
Start Flattening Before IO Insertion
---------------------------------------------------------------------------------
---------------------------------------------------------------------------------
Finished Flattening Before IO Insertion
---------------------------------------------------------------------------------
---------------------------------------------------------------------------------
Start Final Netlist Cleanup
---------------------------------------------------------------------------------
---------------------------------------------------------------------------------
Finished Final Netlist Cleanup
---------------------------------------------------------------------------------
---------------------------------------------------------------------------------
Finished IO Insertion : Time (s): cpu = 00:00:40 ; elapsed = 00:00:41 . Memory (MB): peak = 2765.070 ; gain = 1282.895
---------------------------------------------------------------------------------
---------------------------------------------------------------------------------
Start Renaming Generated Instances
---------------------------------------------------------------------------------
---------------------------------------------------------------------------------
Finished Renaming Generated Instances : Time (s): cpu = 00:00:40 ; elapsed = 00:00:41 . Memory (MB): peak = 2765.070 ; gain = 1282.895
---------------------------------------------------------------------------------
---------------------------------------------------------------------------------
Start Rebuilding User Hierarchy
---------------------------------------------------------------------------------
---------------------------------------------------------------------------------
Finished Rebuilding User Hierarchy : Time (s): cpu = 00:00:40 ; elapsed = 00:00:41 . Memory (MB): peak = 2765.070 ; gain = 1282.895
---------------------------------------------------------------------------------
---------------------------------------------------------------------------------
Start Renaming Generated Ports
---------------------------------------------------------------------------------
---------------------------------------------------------------------------------
Finished Renaming Generated Ports : Time (s): cpu = 00:00:40 ; elapsed = 00:00:41 . Memory (MB): peak = 2765.070 ; gain = 1282.895
---------------------------------------------------------------------------------
---------------------------------------------------------------------------------
Start Handling Custom Attributes
---------------------------------------------------------------------------------
---------------------------------------------------------------------------------
Finished Handling Custom Attributes : Time (s): cpu = 00:00:40 ; elapsed = 00:00:41 . Memory (MB): peak = 2765.070 ; gain = 1282.895
---------------------------------------------------------------------------------
---------------------------------------------------------------------------------
Start Renaming Generated Nets
---------------------------------------------------------------------------------
---------------------------------------------------------------------------------
Finished Renaming Generated Nets : Time (s): cpu = 00:00:40 ; elapsed = 00:00:41 . Memory (MB): peak = 2765.070 ; gain = 1282.895
---------------------------------------------------------------------------------
---------------------------------------------------------------------------------
Start Writing Synthesis Report
---------------------------------------------------------------------------------

Report BlackBoxes: 
+------+---------------------------+----------+
|      |BlackBox name              |Instances |
+------+---------------------------+----------+
|1     |HDMI_PS2_HDMI_TX_0_0       |         1|
|2     |HDMI_PS2_ImgGen2_0_0       |         1|
|3     |HDMI_PS2_MouseCtrl_0_1     |         1|
|4     |HDMI_PS2_OLED_ASCII_0_0    |         1|
|5     |HDMI_PS2_OLED_GameInfo_0_0 |         1|
|6     |HDMI_PS2_PS2_Mouse_0_0     |         1|
|7     |HDMI_PS2_VideoTiming_0_0   |         1|
|8     |HDMI_PS2_clk_wiz_0_0       |         1|
+------+---------------------------+----------+

Report Cell Usage: 
+------+-------------------------+------+
|      |Cell                     |Count |
+------+-------------------------+------+
|1     |HDMI_PS2_HDMI_TX_0       |     1|
|2     |HDMI_PS2_ImgGen2_0       |     1|
|3     |HDMI_PS2_MouseCtrl_0     |     1|
|4     |HDMI_PS2_OLED_ASCII_0    |     1|
|5     |HDMI_PS2_OLED_GameInfo_0 |     1|
|6     |HDMI_PS2_PS2_Mouse_0     |     1|
|7     |HDMI_PS2_VideoTiming_0   |     1|
|8     |HDMI_PS2_clk_wiz_0       |     1|
|9     |IBUF                     |     1|
|10    |OBUF                     |     8|
+------+-------------------------+------+
---------------------------------------------------------------------------------
Finished Writing Synthesis Report : Time (s): cpu = 00:00:40 ; elapsed = 00:00:41 . Memory (MB): peak = 2765.070 ; gain = 1282.895
---------------------------------------------------------------------------------
Synthesis finished with 0 errors, 0 critical warnings and 1 warnings.
Synthesis Optimization Runtime : Time (s): cpu = 00:00:24 ; elapsed = 00:00:34 . Memory (MB): peak = 2765.070 ; gain = 1268.090
Synthesis Optimization Complete : Time (s): cpu = 00:00:40 ; elapsed = 00:00:42 . Memory (MB): peak = 2765.070 ; gain = 1282.895
INFO: [Project 1-571] Translating synthesized netlist
Netlist sorting complete. Time (s): cpu = 00:00:00 ; elapsed = 00:00:00.001 . Memory (MB): peak = 2765.070 ; gain = 0.000
INFO: [Netlist 29-17] Analyzing 1 Unisim elements for replacement
INFO: [Netlist 29-28] Unisim Transformation completed in 0 CPU seconds
INFO: [Project 1-570] Preparing netlist for logic optimization
INFO: [Opt 31-138] Pushed 0 inverter(s) to 0 load pin(s).
Netlist sorting complete. Time (s): cpu = 00:00:00 ; elapsed = 00:00:00 . Memory (MB): peak = 2765.070 ; gain = 0.000
INFO: [Project 1-111] Unisim Transformation Summary:
  A total of 1 instances were transformed.
  IBUF => IBUF (IBUFCTRL, INBUF): 1 instance 

Synth Design complete | Checksum: bf0049b9
INFO: [Common 17-83] Releasing license: Synthesis
46 Infos, 0 Warnings, 0 Critical Warnings and 0 Errors encountered.
synth_design completed successfully
synth_design: Time (s): cpu = 00:00:47 ; elapsed = 00:00:52 . Memory (MB): peak = 2765.070 ; gain = 2211.227
Write ShapeDB Complete: Time (s): cpu = 00:00:00 ; elapsed = 00:00:00.001 . Memory (MB): peak = 2765.070 ; gain = 0.000
INFO: [Common 17-1381] The checkpoint 'C:/Users/lab/Desktop/HDMI_PS2 ---- Kopia/HDMI_PS2.runs/synth_1/HDMI_PS2_wrapper.dcp' has been generated.
INFO: [Vivado 12-24828] Executing command : report_utilization -file HDMI_PS2_wrapper_utilization_synth.rpt -pb HDMI_PS2_wrapper_utilization_synth.pb
INFO: [Common 17-206] Exiting Vivado at Mon May 11 09:34:57 2026...
