
*** Running vivado
    with args -log HDMI_PS2_ImgGen2_0_0.vds -m64 -product Vivado -mode batch -messageDb vivado.pb -notrace -source HDMI_PS2_ImgGen2_0_0.tcl



****** Vivado v2025.1 (64-bit)
  **** SW Build 6140274 on Thu May 22 00:12:29 MDT 2025
  **** IP Build 6138677 on Thu May 22 03:10:11 MDT 2025
  **** SharedData Build 6139179 on Tue May 20 17:58:58 MDT 2025
  **** Start of session at: Mon May 11 09:24:58 2026
    ** Copyright 1986-2022 Xilinx, Inc. All Rights Reserved.
    ** Copyright 2022-2025 Advanced Micro Devices, Inc. All Rights Reserved.

Sourcing tcl script 'C:/Users/lab/AppData/Roaming/Xilinx/Vivado/Vivado_init.tcl'
source HDMI_PS2_ImgGen2_0_0.tcl -notrace
create_project: Time (s): cpu = 00:00:24 ; elapsed = 00:00:06 . Memory (MB): peak = 509.090 ; gain = 227.129
INFO: [IP_Flow 19-234] Refreshing IP repositories
INFO: [IP_Flow 19-1700] Loaded user IP repository 'c:/Xilinx/IP_Repo'.
INFO: [IP_Flow 19-2313] Loaded Vivado IP repository 'C:/Xilinx/2025.1/Vivado/data/ip'.
Command: synth_design -top HDMI_PS2_ImgGen2_0_0 -part xczu3eg-sfvc784-2-e -incremental_mode off -mode out_of_context
Starting synth_design
Attempting to get a license for feature 'Synthesis' and/or device 'xczu3eg'
INFO: [Common 17-349] Got license for feature 'Synthesis' and/or device 'xczu3eg'
INFO: [Device 21-403] Loading part xczu3eg-sfvc784-2-e
INFO: [Synth 8-7079] Multithreading enabled for synth_design using a maximum of 6 processes.
INFO: [Synth 8-7078] Launching helper process for spawning children vivado processes
INFO: [Synth 8-7075] Helper process launched with PID 17868
---------------------------------------------------------------------------------
Starting RTL Elaboration : Time (s): cpu = 00:00:07 ; elapsed = 00:00:07 . Memory (MB): peak = 1677.535 ; gain = 199.910
---------------------------------------------------------------------------------
INFO: [Synth 8-6157] synthesizing module 'HDMI_PS2_ImgGen2_0_0' [c:/Users/lab/Desktop/HDMI_PS2 ---- Kopia/HDMI_PS2.gen/sources_1/bd/HDMI_PS2/ip/HDMI_PS2_ImgGen2_0_0/synth/HDMI_PS2_ImgGen2_0_0.v:53]
INFO: [Synth 8-638] synthesizing module 'ImgGen2' [C:/Users/lab/Desktop/HDMI_PS2 ---- Kopia/HDMI_PS2.srcs/sources_1/new/ImgGen2.vhd:29]
INFO: [Synth 8-256] done synthesizing module 'ImgGen2' (0#1) [C:/Users/lab/Desktop/HDMI_PS2 ---- Kopia/HDMI_PS2.srcs/sources_1/new/ImgGen2.vhd:29]
INFO: [Synth 8-6155] done synthesizing module 'HDMI_PS2_ImgGen2_0_0' (0#1) [c:/Users/lab/Desktop/HDMI_PS2 ---- Kopia/HDMI_PS2.gen/sources_1/bd/HDMI_PS2/ip/HDMI_PS2_ImgGen2_0_0/synth/HDMI_PS2_ImgGen2_0_0.v:53]
---------------------------------------------------------------------------------
Finished RTL Elaboration : Time (s): cpu = 00:00:09 ; elapsed = 00:00:09 . Memory (MB): peak = 1813.223 ; gain = 335.598
---------------------------------------------------------------------------------
---------------------------------------------------------------------------------
Start Handling Custom Attributes
---------------------------------------------------------------------------------
---------------------------------------------------------------------------------
Finished Handling Custom Attributes : Time (s): cpu = 00:00:09 ; elapsed = 00:00:09 . Memory (MB): peak = 1813.223 ; gain = 335.598
---------------------------------------------------------------------------------
---------------------------------------------------------------------------------
Finished RTL Optimization Phase 1 : Time (s): cpu = 00:00:09 ; elapsed = 00:00:09 . Memory (MB): peak = 1813.223 ; gain = 335.598
---------------------------------------------------------------------------------
Netlist sorting complete. Time (s): cpu = 00:00:00 ; elapsed = 00:00:00.037 . Memory (MB): peak = 1813.223 ; gain = 0.000
INFO: [Project 1-570] Preparing netlist for logic optimization

Processing XDC Constraints
Initializing timing engine
Completed Processing XDC Constraints

Netlist sorting complete. Time (s): cpu = 00:00:00 ; elapsed = 00:00:00.001 . Memory (MB): peak = 1906.348 ; gain = 0.000
INFO: [Project 1-111] Unisim Transformation Summary:
No Unisim elements were transformed.

Constraint Validation Runtime : Time (s): cpu = 00:00:00 ; elapsed = 00:00:00.049 . Memory (MB): peak = 1924.820 ; gain = 18.473
INFO: [Designutils 20-5008] Incremental synthesis strategy off
---------------------------------------------------------------------------------
Finished Constraint Validation : Time (s): cpu = 00:00:19 ; elapsed = 00:00:19 . Memory (MB): peak = 1924.820 ; gain = 447.195
---------------------------------------------------------------------------------
---------------------------------------------------------------------------------
Start Loading Part and Timing Information
---------------------------------------------------------------------------------
Loading part: xczu3eg-sfvc784-2-e
INFO: [Synth 8-6742] Reading net delay rules and data
---------------------------------------------------------------------------------
Finished Loading Part and Timing Information : Time (s): cpu = 00:00:19 ; elapsed = 00:00:19 . Memory (MB): peak = 1924.820 ; gain = 447.195
---------------------------------------------------------------------------------
---------------------------------------------------------------------------------
Start Applying 'set_property' XDC Constraints
---------------------------------------------------------------------------------
---------------------------------------------------------------------------------
Finished applying 'set_property' XDC Constraints : Time (s): cpu = 00:00:19 ; elapsed = 00:00:19 . Memory (MB): peak = 1924.820 ; gain = 447.195
---------------------------------------------------------------------------------
---------------------------------------------------------------------------------
Finished RTL Optimization Phase 2 : Time (s): cpu = 00:00:20 ; elapsed = 00:00:20 . Memory (MB): peak = 1924.820 ; gain = 447.195
---------------------------------------------------------------------------------
---------------------------------------------------------------------------------
Start RTL Component Statistics 
---------------------------------------------------------------------------------
Detailed RTL Component Info : 
+---Adders : 
	   3 Input   33 Bit       Adders := 4     
	   2 Input   32 Bit       Adders := 30    
	   2 Input   30 Bit       Adders := 1     
	   2 Input   12 Bit       Adders := 9     
	   3 Input   11 Bit       Adders := 31    
	   2 Input   11 Bit       Adders := 9     
	   3 Input   10 Bit       Adders := 5     
	   2 Input   10 Bit       Adders := 19    
	   2 Input    9 Bit       Adders := 20    
+---XORs : 
	   4 Input      1 Bit         XORs := 1     
+---Registers : 
	               10 Bit    Registers := 10    
	                9 Bit    Registers := 10    
	                8 Bit    Registers := 1     
	                4 Bit    Registers := 1     
	                2 Bit    Registers := 1     
	                1 Bit    Registers := 3     
+---Muxes : 
	   2 Input   32 Bit        Muxes := 22    
	   2 Input   10 Bit        Muxes := 30    
	   2 Input    9 Bit        Muxes := 16    
	   6 Input    9 Bit        Muxes := 8     
	   3 Input    9 Bit        Muxes := 2     
	   2 Input    8 Bit        Muxes := 12    
	   3 Input    8 Bit        Muxes := 4     
	   5 Input    8 Bit        Muxes := 3     
	   2 Input    7 Bit        Muxes := 6     
	   3 Input    7 Bit        Muxes := 3     
	   2 Input    1 Bit        Muxes := 53    
---------------------------------------------------------------------------------
Finished RTL Component Statistics 
---------------------------------------------------------------------------------
---------------------------------------------------------------------------------
Start Part Resource Summary
---------------------------------------------------------------------------------
Part Resources:
DSPs: 360 (col length:72)
BRAMs: 432 (col length: RAMB18 72 RAMB36 36)
---------------------------------------------------------------------------------
Finished Part Resource Summary
---------------------------------------------------------------------------------
---------------------------------------------------------------------------------
Start Cross Boundary and Area Optimization
---------------------------------------------------------------------------------
DSP Report: Generating DSP in_coin3, operation Mode is: A*B.
DSP Report: operator in_coin3 is absorbed into DSP in_coin3.
DSP Report: Generating DSP in_coin2, operation Mode is: PCIN+A*B.
DSP Report: operator in_coin2 is absorbed into DSP in_coin2.
DSP Report: operator in_coin3 is absorbed into DSP in_coin2.
DSP Report: Generating DSP in_coin2, operation Mode is: A*B.
DSP Report: operator in_coin2 is absorbed into DSP in_coin2.
DSP Report: Generating DSP in_coin1, operation Mode is: PCIN+A*B.
DSP Report: operator in_coin1 is absorbed into DSP in_coin1.
DSP Report: operator in_coin2 is absorbed into DSP in_coin1.
DSP Report: Generating DSP in_coin3, operation Mode is: A*B.
DSP Report: operator in_coin3 is absorbed into DSP in_coin3.
DSP Report: Generating DSP in_coin2, operation Mode is: PCIN+A*B.
DSP Report: operator in_coin2 is absorbed into DSP in_coin2.
DSP Report: operator in_coin3 is absorbed into DSP in_coin2.
DSP Report: Generating DSP in_bomb2, operation Mode is: A*B.
DSP Report: operator in_bomb2 is absorbed into DSP in_bomb2.
DSP Report: Generating DSP in_bomb1, operation Mode is: PCIN+A*B.
DSP Report: operator in_bomb1 is absorbed into DSP in_bomb1.
DSP Report: operator in_bomb2 is absorbed into DSP in_bomb1.
DSP Report: Generating DSP in_bomb3, operation Mode is: A*B.
DSP Report: operator in_bomb3 is absorbed into DSP in_bomb3.
DSP Report: Generating DSP in_bomb2, operation Mode is: PCIN+A*B.
DSP Report: operator in_bomb2 is absorbed into DSP in_bomb2.
DSP Report: operator in_bomb3 is absorbed into DSP in_bomb2.
DSP Report: Generating DSP in_bomb3, operation Mode is: A*B.
DSP Report: operator in_bomb3 is absorbed into DSP in_bomb3.
DSP Report: Generating DSP in_bomb2, operation Mode is: PCIN+A*B.
DSP Report: operator in_bomb2 is absorbed into DSP in_bomb2.
DSP Report: operator in_bomb3 is absorbed into DSP in_bomb2.
DSP Report: Generating DSP in_bomb3, operation Mode is: A*B.
DSP Report: operator in_bomb3 is absorbed into DSP in_bomb3.
DSP Report: Generating DSP in_bomb2, operation Mode is: PCIN+A*B.
DSP Report: operator in_bomb2 is absorbed into DSP in_bomb2.
DSP Report: operator in_bomb3 is absorbed into DSP in_bomb2.
DSP Report: Generating DSP in_bomb3, operation Mode is: A*B.
DSP Report: operator in_bomb3 is absorbed into DSP in_bomb3.
DSP Report: Generating DSP in_bomb2, operation Mode is: PCIN+A*B.
DSP Report: operator in_bomb2 is absorbed into DSP in_bomb2.
DSP Report: operator in_bomb3 is absorbed into DSP in_bomb2.
DSP Report: Generating DSP in_bomb3, operation Mode is: A*B.
DSP Report: operator in_bomb3 is absorbed into DSP in_bomb3.
DSP Report: Generating DSP in_bomb2, operation Mode is: PCIN+A*B.
DSP Report: operator in_bomb2 is absorbed into DSP in_bomb2.
DSP Report: operator in_bomb3 is absorbed into DSP in_bomb2.
DSP Report: Generating DSP in_bomb3, operation Mode is: A*B.
DSP Report: operator in_bomb3 is absorbed into DSP in_bomb3.
DSP Report: Generating DSP in_bomb2, operation Mode is: PCIN+A*B.
DSP Report: operator in_bomb2 is absorbed into DSP in_bomb2.
DSP Report: operator in_bomb3 is absorbed into DSP in_bomb2.
---------------------------------------------------------------------------------
Finished Cross Boundary and Area Optimization : Time (s): cpu = 00:00:40 ; elapsed = 00:00:40 . Memory (MB): peak = 2015.340 ; gain = 537.715
---------------------------------------------------------------------------------
 Sort Area is  in_bomb2_5 : 0 0 : 912 1889 : Used 1 time 0
 Sort Area is  in_bomb2_5 : 0 1 : 977 1889 : Used 1 time 0
 Sort Area is  in_bomb3_6 : 0 0 : 912 1889 : Used 1 time 0
 Sort Area is  in_bomb3_6 : 0 1 : 977 1889 : Used 1 time 0
 Sort Area is  in_bomb3_7 : 0 0 : 912 1889 : Used 1 time 0
 Sort Area is  in_bomb3_7 : 0 1 : 977 1889 : Used 1 time 0
 Sort Area is  in_bomb3_8 : 0 0 : 912 1889 : Used 1 time 0
 Sort Area is  in_bomb3_8 : 0 1 : 977 1889 : Used 1 time 0
 Sort Area is  in_bomb3_9 : 0 0 : 912 1889 : Used 1 time 0
 Sort Area is  in_bomb3_9 : 0 1 : 977 1889 : Used 1 time 0
 Sort Area is  in_bomb3_a : 0 0 : 912 1889 : Used 1 time 0
 Sort Area is  in_bomb3_a : 0 1 : 977 1889 : Used 1 time 0
 Sort Area is  in_bomb3_b : 0 0 : 912 1889 : Used 1 time 0
 Sort Area is  in_bomb3_b : 0 1 : 977 1889 : Used 1 time 0
 Sort Area is  in_coin2_3 : 0 0 : 912 1889 : Used 1 time 0
 Sort Area is  in_coin2_3 : 0 1 : 977 1889 : Used 1 time 0
 Sort Area is  in_coin3_0 : 0 0 : 912 1889 : Used 1 time 0
 Sort Area is  in_coin3_0 : 0 1 : 977 1889 : Used 1 time 0
 Sort Area is  in_coin3_4 : 0 0 : 912 1889 : Used 1 time 0
 Sort Area is  in_coin3_4 : 0 1 : 977 1889 : Used 1 time 0
---------------------------------------------------------------------------------
Start ROM, RAM, DSP, Shift Register and Retiming Reporting
---------------------------------------------------------------------------------

DSP: Preliminary Mapping Report (see note below. The ' indicates corresponding REG is set)
+------------+-------------+--------+--------+--------+--------+--------+------+------+------+------+-------+------+------+
|Module Name | DSP Mapping | A Size | B Size | C Size | D Size | P Size | AREG | BREG | CREG | DREG | ADREG | MREG | PREG | 
+------------+-------------+--------+--------+--------+--------+--------+------+------+------+------+-------+------+------+
|ImgGen2     | A*B         | 11     | 11     | -      | -      | 22     | 0    | 0    | -    | -    | -     | 0    | 0    | 
|ImgGen2     | PCIN+A*B    | 11     | 11     | -      | -      | 22     | 0    | 0    | -    | -    | -     | 0    | 0    | 
|ImgGen2     | A*B         | 11     | 11     | -      | -      | 22     | 0    | 0    | -    | -    | -     | 0    | 0    | 
|ImgGen2     | PCIN+A*B    | 11     | 11     | -      | -      | 22     | 0    | 0    | -    | -    | -     | 0    | 0    | 
|ImgGen2     | A*B         | 11     | 11     | -      | -      | 22     | 0    | 0    | -    | -    | -     | 0    | 0    | 
|ImgGen2     | PCIN+A*B    | 11     | 11     | -      | -      | 22     | 0    | 0    | -    | -    | -     | 0    | 0    | 
|ImgGen2     | A*B         | 11     | 11     | -      | -      | 22     | 0    | 0    | -    | -    | -     | 0    | 0    | 
|ImgGen2     | PCIN+A*B    | 11     | 11     | -      | -      | 22     | 0    | 0    | -    | -    | -     | 0    | 0    | 
|ImgGen2     | A*B         | 11     | 11     | -      | -      | 22     | 0    | 0    | -    | -    | -     | 0    | 0    | 
|ImgGen2     | PCIN+A*B    | 11     | 11     | -      | -      | 22     | 0    | 0    | -    | -    | -     | 0    | 0    | 
|ImgGen2     | A*B         | 11     | 11     | -      | -      | 22     | 0    | 0    | -    | -    | -     | 0    | 0    | 
|ImgGen2     | PCIN+A*B    | 11     | 11     | -      | -      | 22     | 0    | 0    | -    | -    | -     | 0    | 0    | 
|ImgGen2     | A*B         | 11     | 11     | -      | -      | 22     | 0    | 0    | -    | -    | -     | 0    | 0    | 
|ImgGen2     | PCIN+A*B    | 11     | 11     | -      | -      | 22     | 0    | 0    | -    | -    | -     | 0    | 0    | 
|ImgGen2     | A*B         | 11     | 11     | -      | -      | 22     | 0    | 0    | -    | -    | -     | 0    | 0    | 
|ImgGen2     | PCIN+A*B    | 11     | 11     | -      | -      | 22     | 0    | 0    | -    | -    | -     | 0    | 0    | 
|ImgGen2     | A*B         | 11     | 11     | -      | -      | 22     | 0    | 0    | -    | -    | -     | 0    | 0    | 
|ImgGen2     | PCIN+A*B    | 11     | 11     | -      | -      | 22     | 0    | 0    | -    | -    | -     | 0    | 0    | 
|ImgGen2     | A*B         | 11     | 11     | -      | -      | 22     | 0    | 0    | -    | -    | -     | 0    | 0    | 
|ImgGen2     | PCIN+A*B    | 11     | 11     | -      | -      | 22     | 0    | 0    | -    | -    | -     | 0    | 0    | 
+------------+-------------+--------+--------+--------+--------+--------+------+------+------+------+-------+------+------+

Note: The table above is a preliminary report that shows the DSPs inferred at the current stage of the synthesis flow. Some DSP may be reimplemented as non DSP primitives later in the synthesis flow. Multiple instantiated DSPs are reported only once.
---------------------------------------------------------------------------------
Finished ROM, RAM, DSP, Shift Register and Retiming Reporting
---------------------------------------------------------------------------------
---------------------------------------------------------------------------------
Start Applying XDC Timing Constraints
---------------------------------------------------------------------------------
---------------------------------------------------------------------------------
Finished Applying XDC Timing Constraints : Time (s): cpu = 00:00:50 ; elapsed = 00:00:51 . Memory (MB): peak = 2567.301 ; gain = 1089.676
---------------------------------------------------------------------------------
---------------------------------------------------------------------------------
Start Timing Optimization
---------------------------------------------------------------------------------
---------------------------------------------------------------------------------
Finished Timing Optimization : Time (s): cpu = 00:00:50 ; elapsed = 00:00:51 . Memory (MB): peak = 2571.289 ; gain = 1093.664
---------------------------------------------------------------------------------
---------------------------------------------------------------------------------
Start Technology Mapping
---------------------------------------------------------------------------------
---------------------------------------------------------------------------------
Finished Technology Mapping : Time (s): cpu = 00:00:51 ; elapsed = 00:00:52 . Memory (MB): peak = 2605.742 ; gain = 1128.117
---------------------------------------------------------------------------------
---------------------------------------------------------------------------------
Start IO Insertion
---------------------------------------------------------------------------------
---------------------------------------------------------------------------------
Start Flattening Before IO Insertion
---------------------------------------------------------------------------------
---------------------------------------------------------------------------------
Finished Flattening Before IO Insertion
---------------------------------------------------------------------------------
---------------------------------------------------------------------------------
Start Final Netlist Cleanup
---------------------------------------------------------------------------------
---------------------------------------------------------------------------------
Finished Final Netlist Cleanup
---------------------------------------------------------------------------------
---------------------------------------------------------------------------------
Finished IO Insertion : Time (s): cpu = 00:00:56 ; elapsed = 00:00:57 . Memory (MB): peak = 2802.883 ; gain = 1325.258
---------------------------------------------------------------------------------
---------------------------------------------------------------------------------
Start Renaming Generated Instances
---------------------------------------------------------------------------------
---------------------------------------------------------------------------------
Finished Renaming Generated Instances : Time (s): cpu = 00:00:56 ; elapsed = 00:00:57 . Memory (MB): peak = 2802.883 ; gain = 1325.258
---------------------------------------------------------------------------------
---------------------------------------------------------------------------------
Start Rebuilding User Hierarchy
---------------------------------------------------------------------------------
---------------------------------------------------------------------------------
Finished Rebuilding User Hierarchy : Time (s): cpu = 00:00:56 ; elapsed = 00:00:57 . Memory (MB): peak = 2802.883 ; gain = 1325.258
---------------------------------------------------------------------------------
---------------------------------------------------------------------------------
Start Renaming Generated Ports
---------------------------------------------------------------------------------
---------------------------------------------------------------------------------
Finished Renaming Generated Ports : Time (s): cpu = 00:00:56 ; elapsed = 00:00:57 . Memory (MB): peak = 2802.883 ; gain = 1325.258
---------------------------------------------------------------------------------
---------------------------------------------------------------------------------
Start Handling Custom Attributes
---------------------------------------------------------------------------------
---------------------------------------------------------------------------------
Finished Handling Custom Attributes : Time (s): cpu = 00:00:56 ; elapsed = 00:00:57 . Memory (MB): peak = 2802.883 ; gain = 1325.258
---------------------------------------------------------------------------------
---------------------------------------------------------------------------------
Start Renaming Generated Nets
---------------------------------------------------------------------------------
---------------------------------------------------------------------------------
Finished Renaming Generated Nets : Time (s): cpu = 00:00:56 ; elapsed = 00:00:57 . Memory (MB): peak = 2802.883 ; gain = 1325.258
---------------------------------------------------------------------------------
---------------------------------------------------------------------------------
Start Writing Synthesis Report
---------------------------------------------------------------------------------

DSP Final Report (the ' indicates corresponding REG is set)
+------------+-------------+--------+--------+--------+--------+--------+------+------+------+------+-------+------+------+
|Module Name | DSP Mapping | A Size | B Size | C Size | D Size | P Size | AREG | BREG | CREG | DREG | ADREG | MREG | PREG | 
+------------+-------------+--------+--------+--------+--------+--------+------+------+------+------+-------+------+------+
|ImgGen2     | A*B         | 30     | 18     | -      | -      | 22     | 0    | 0    | -    | -    | -     | 0    | 0    | 
|ImgGen2     | PCIN+A*B    | 30     | 18     | -      | -      | 22     | 0    | 0    | -    | -    | -     | 0    | 0    | 
|ImgGen2     | A*B         | 30     | 18     | -      | -      | 22     | 0    | 0    | -    | -    | -     | 0    | 0    | 
|ImgGen2     | PCIN+A*B    | 30     | 18     | -      | -      | 22     | 0    | 0    | -    | -    | -     | 0    | 0    | 
|ImgGen2     | A*B         | 30     | 18     | -      | -      | 22     | 0    | 0    | -    | -    | -     | 0    | 0    | 
|ImgGen2     | PCIN+A*B    | 30     | 18     | -      | -      | 22     | 0    | 0    | -    | -    | -     | 0    | 0    | 
|ImgGen2     | A*B         | 30     | 18     | -      | -      | 22     | 0    | 0    | -    | -    | -     | 0    | 0    | 
|ImgGen2     | PCIN+A*B    | 30     | 18     | -      | -      | 22     | 0    | 0    | -    | -    | -     | 0    | 0    | 
|ImgGen2     | A*B         | 30     | 18     | -      | -      | 22     | 0    | 0    | -    | -    | -     | 0    | 0    | 
|ImgGen2     | PCIN+A*B    | 30     | 18     | -      | -      | 22     | 0    | 0    | -    | -    | -     | 0    | 0    | 
|ImgGen2     | A*B         | 30     | 18     | -      | -      | 22     | 0    | 0    | -    | -    | -     | 0    | 0    | 
|ImgGen2     | PCIN+A*B    | 30     | 18     | -      | -      | 22     | 0    | 0    | -    | -    | -     | 0    | 0    | 
|ImgGen2     | A*B         | 30     | 18     | -      | -      | 22     | 0    | 0    | -    | -    | -     | 0    | 0    | 
|ImgGen2     | PCIN+A*B    | 30     | 18     | -      | -      | 22     | 0    | 0    | -    | -    | -     | 0    | 0    | 
|ImgGen2     | A*B         | 30     | 18     | -      | -      | 22     | 0    | 0    | -    | -    | -     | 0    | 0    | 
|ImgGen2     | PCIN+A*B    | 30     | 18     | -      | -      | 22     | 0    | 0    | -    | -    | -     | 0    | 0    | 
|ImgGen2     | A*B         | 30     | 18     | -      | -      | 22     | 0    | 0    | -    | -    | -     | 0    | 0    | 
|ImgGen2     | PCIN+A*B    | 30     | 18     | -      | -      | 22     | 0    | 0    | -    | -    | -     | 0    | 0    | 
|ImgGen2     | A*B         | 30     | 18     | -      | -      | 22     | 0    | 0    | -    | -    | -     | 0    | 0    | 
|ImgGen2     | PCIN+A*B    | 30     | 18     | -      | -      | 22     | 0    | 0    | -    | -    | -     | 0    | 0    | 
+------------+-------------+--------+--------+--------+--------+--------+------+------+------+------+-------+------+------+


Report BlackBoxes: 
+-+--------------+----------+
| |BlackBox name |Instances |
+-+--------------+----------+
+-+--------------+----------+

Report Cell Usage: 
+------+----------------+------+
|      |Cell            |Count |
+------+----------------+------+
|1     |CARRY8          |   267|
|2     |DSP_ALU         |    20|
|3     |DSP_A_B_DATA    |    20|
|4     |DSP_C_DATA      |    20|
|5     |DSP_MULTIPLIER  |    20|
|6     |DSP_M_DATA      |    20|
|7     |DSP_OUTPUT      |    20|
|8     |DSP_PREADD      |    20|
|9     |DSP_PREADD_DATA |    20|
|10    |LUT1            |   148|
|11    |LUT2            |   686|
|12    |LUT3            |   298|
|13    |LUT4            |   497|
|14    |LUT5            |   362|
|15    |LUT6            |   651|
|16    |FDRE            |   161|
|17    |FDSE            |    39|
+------+----------------+------+
---------------------------------------------------------------------------------
Finished Writing Synthesis Report : Time (s): cpu = 00:00:56 ; elapsed = 00:00:57 . Memory (MB): peak = 2802.883 ; gain = 1325.258
---------------------------------------------------------------------------------
Synthesis finished with 0 errors, 0 critical warnings and 1 warnings.
Synthesis Optimization Runtime : Time (s): cpu = 00:00:46 ; elapsed = 00:00:55 . Memory (MB): peak = 2802.883 ; gain = 1213.660
Synthesis Optimization Complete : Time (s): cpu = 00:00:57 ; elapsed = 00:00:57 . Memory (MB): peak = 2802.883 ; gain = 1325.258
INFO: [Project 1-571] Translating synthesized netlist
Netlist sorting complete. Time (s): cpu = 00:00:00 ; elapsed = 00:00:00.033 . Memory (MB): peak = 2802.883 ; gain = 0.000
INFO: [Netlist 29-17] Analyzing 287 Unisim elements for replacement
INFO: [Netlist 29-28] Unisim Transformation completed in 0 CPU seconds
WARNING: [Netlist 29-101] Netlist 'HDMI_PS2_ImgGen2_0_0' is not ideal for floorplanning, since the cellview 'ImgGen2' contains a large number of primitives.  Please consider enabling hierarchy in synthesis if you want to do floorplanning.
INFO: [Project 1-570] Preparing netlist for logic optimization
INFO: [Opt 31-138] Pushed 0 inverter(s) to 0 load pin(s).
Netlist sorting complete. Time (s): cpu = 00:00:00 ; elapsed = 00:00:00.001 . Memory (MB): peak = 2802.883 ; gain = 0.000
INFO: [Project 1-111] Unisim Transformation Summary:
  A total of 20 instances were transformed.
  DSP48E2 => DSP48E2 (DSP_ALU, DSP_A_B_DATA, DSP_C_DATA, DSP_MULTIPLIER, DSP_M_DATA, DSP_OUTPUT, DSP_PREADD, DSP_PREADD_DATA): 20 instances

Synth Design complete | Checksum: c982f91e
INFO: [Common 17-83] Releasing license: Synthesis
23 Infos, 1 Warnings, 0 Critical Warnings and 0 Errors encountered.
synth_design completed successfully
synth_design: Time (s): cpu = 00:01:04 ; elapsed = 00:01:08 . Memory (MB): peak = 2802.883 ; gain = 2242.504
Write ShapeDB Complete: Time (s): cpu = 00:00:00 ; elapsed = 00:00:00.010 . Memory (MB): peak = 2802.883 ; gain = 0.000
INFO: [Common 17-1381] The checkpoint 'C:/Users/lab/Desktop/HDMI_PS2 ---- Kopia/HDMI_PS2.runs/HDMI_PS2_ImgGen2_0_0_synth_1/HDMI_PS2_ImgGen2_0_0.dcp' has been generated.
INFO: [Vivado 12-24828] Executing command : report_utilization -file HDMI_PS2_ImgGen2_0_0_utilization_synth.rpt -pb HDMI_PS2_ImgGen2_0_0_utilization_synth.pb
INFO: [Common 17-206] Exiting Vivado at Mon May 11 09:26:17 2026...
