Copyright 1986-2022 Xilinx, Inc. All Rights Reserved. Copyright 2022-2025 Advanced Micro Devices, Inc. All Rights Reserved.
---------------------------------------------------------------------------------------------------------------------------------------------
| Tool Version : Vivado v.2025.1 (win64) Build 6140274 Thu May 22 00:12:29 MDT 2025
| Date         : Mon May 11 09:36:59 2026
| Host         : Lab016-05 running 64-bit major release  (build 9200)
| Command      : report_control_sets -verbose -file HDMI_PS2_wrapper_control_sets_placed.rpt
| Design       : HDMI_PS2_wrapper
| Device       : xczu3eg
---------------------------------------------------------------------------------------------------------------------------------------------

Control Set Information

Table of Contents
-----------------
1. Summary
2. Histogram
3. Flip-Flop Distribution
4. Detailed Control Set Information

1. Summary
----------

+----------------------------------------------------------+-------+
|                          Status                          | Count |
+----------------------------------------------------------+-------+
| Total control sets                                       |    71 |
|    Minimum number of control sets                        |    71 |
|    Addition due to synthesis replication                 |     0 |
|    Addition due to physical synthesis replication        |     0 |
| Unused register locations in slices containing registers |    88 |
+----------------------------------------------------------+-------+
* Control sets can be merged at opt_design using control_set_merge or merge_equivalent_drivers
** Run report_qor_suggestions for automated merging and remapping suggestions


2. Histogram
------------

+--------------------+-------+
|       Fanout       | Count |
+--------------------+-------+
| Total control sets |    71 |
| >= 0 to < 4        |    14 |
| >= 4 to < 6        |    18 |
| >= 6 to < 8        |     7 |
| >= 8 to < 10       |     7 |
| >= 10 to < 12      |    16 |
| >= 12 to < 14      |     2 |
| >= 14 to < 16      |     1 |
| >= 16              |     6 |
+--------------------+-------+
* Control sets can be remapped at either synth_design or opt_design


3. Flip-Flop Distribution
-------------------------

+--------------+-----------------------+------------------------+-----------------+--------------+
| Clock Enable | Synchronous Set/Reset | Asynchronous Set/Reset | Total Registers | Total Slices |
+--------------+-----------------------+------------------------+-----------------+--------------+
| No           | No                    | No                     |              55 |           23 |
| No           | No                    | Yes                    |               0 |            0 |
| No           | Yes                   | No                     |              96 |           40 |
| Yes          | No                    | No                     |             159 |           47 |
| Yes          | No                    | Yes                    |               0 |            0 |
| Yes          | Yes                   | No                     |             250 |           62 |
+--------------+-----------------------+------------------------+-----------------+--------------+


4. Detailed Control Set Information
-----------------------------------

+---------------------------------------+---------------------------------------------------------------------+------------------------------------------------------+------------------+----------------+--------------+
|              Clock Signal             |                            Enable Signal                            |                   Set/Reset Signal                   | Slice Load Count | Bel Load Count | Bels / Slice |
+---------------------------------------+---------------------------------------------------------------------+------------------------------------------------------+------------------+----------------+--------------+
|  HDMI_PS2_i/clk_wiz_0/inst/Clk_100MHz | HDMI_PS2_i/PS2_Mouse_0/U0/i_wrap/B1_Status0                         |                                                      |                1 |              1 |         1.00 |
|  HDMI_PS2_i/clk_wiz_0/inst/Clk_25MHz  | HDMI_PS2_i/ImgGen2_0/inst/CoinY[2][7]_i_1_n_0                       | HDMI_PS2_i/ImgGen2_0/inst/LeftBtn_d                  |                1 |              2 |         2.00 |
|  HDMI_PS2_i/clk_wiz_0/inst/Clk_125Mhz |                                                                     | HDMI_PS2_i/HDMI_TX_0/U0/i_wrap/cntMod5[2]_i_1_n_0    |                1 |              3 |         3.00 |
|  HDMI_PS2_i/clk_wiz_0/inst/Clk_125Mhz |                                                                     | HDMI_PS2_i/HDMI_TX_0/U0/i_wrap/cntMod5[2]_i_1__2_n_0 |                1 |              3 |         3.00 |
|  HDMI_PS2_i/clk_wiz_0/inst/Clk_125Mhz |                                                                     | HDMI_PS2_i/HDMI_TX_0/U0/i_wrap/cntMod5[2]_i_1__0_n_0 |                1 |              3 |         3.00 |
|  HDMI_PS2_i/clk_wiz_0/inst/Clk_125Mhz |                                                                     | HDMI_PS2_i/HDMI_TX_0/U0/i_wrap/cntMod5[2]_i_1__1_n_0 |                1 |              3 |         3.00 |
|  HDMI_PS2_i/clk_wiz_0/inst/Clk_25MHz  | HDMI_PS2_i/ImgGen2_0/inst/BombY[5][6]_i_1_n_0                       | HDMI_PS2_i/ImgGen2_0/inst/LeftBtn_d                  |                1 |              3 |         3.00 |
|  HDMI_PS2_i/clk_wiz_0/inst/Clk_25MHz  |                                                                     | HDMI_PS2_i/ImgGen2_0/inst/LeftBtn_d                  |                2 |              3 |         1.50 |
|  HDMI_PS2_i/clk_wiz_0/inst/Clk_25MHz  | HDMI_PS2_i/ImgGen2_0/inst/CoinY[0][6]_i_1_n_0                       | HDMI_PS2_i/ImgGen2_0/inst/LeftBtn_d                  |                1 |              3 |         3.00 |
|  HDMI_PS2_i/clk_wiz_0/inst/Clk_25MHz  | HDMI_PS2_i/ImgGen2_0/inst/BombY[1][7]_i_1_n_0                       | HDMI_PS2_i/ImgGen2_0/inst/LeftBtn_d                  |                1 |              3 |         3.00 |
|  HDMI_PS2_i/clk_wiz_0/inst/Clk_25MHz  | HDMI_PS2_i/ImgGen2_0/inst/BombY[2][7]_i_1_n_0                       | HDMI_PS2_i/ImgGen2_0/inst/LeftBtn_d                  |                1 |              3 |         3.00 |
|  HDMI_PS2_i/clk_wiz_0/inst/Clk_25MHz  | HDMI_PS2_i/ImgGen2_0/inst/BombY[0]_22                               | HDMI_PS2_i/ImgGen2_0/inst/BombY[6][8]_i_1_n_0        |                2 |              3 |         1.50 |
|  HDMI_PS2_i/clk_wiz_0/inst/Clk_100MHz |                                                                     | HDMI_PS2_i/clk_wiz_0/inst/locked                     |                1 |              3 |         3.00 |
|  HDMI_PS2_i/clk_wiz_0/inst/Clk_100MHz | HDMI_PS2_i/OLED_ASCII_0/U0/wrap/i_Ctrl/cntMaskCol02_out             | HDMI_PS2_i/OLED_ASCII_0/U0/wrap/i_Ctrl/cntMaskCol0   |                1 |              3 |         3.00 |
|  HDMI_PS2_i/clk_wiz_0/inst/Clk_25MHz  | HDMI_PS2_i/ImgGen2_0/inst/BombY[4][8]_i_1_n_0                       | HDMI_PS2_i/ImgGen2_0/inst/LeftBtn_d                  |                1 |              4 |         4.00 |
|  HDMI_PS2_i/clk_wiz_0/inst/Clk_25MHz  | HDMI_PS2_i/ImgGen2_0/inst/BombY[0]_22                               | HDMI_PS2_i/ImgGen2_0/inst/CoinY[1][8]_i_1_n_0        |                3 |              4 |         1.33 |
|  HDMI_PS2_i/clk_wiz_0/inst/Clk_25MHz  | HDMI_PS2_i/ImgGen2_0/inst/BombY[0]_22                               | HDMI_PS2_i/ImgGen2_0/inst/BombY[0][8]_i_1_n_0        |                2 |              4 |         2.00 |
|  HDMI_PS2_i/clk_wiz_0/inst/Clk_100MHz | HDMI_PS2_i/PS2_Mouse_0/U0/i_wrap/PS_ClkHL                           | HDMI_PS2_i/PS2_Mouse_0/U0/i_wrap/WDogRst             |                1 |              4 |         4.00 |
|  HDMI_PS2_i/clk_wiz_0/inst/Clk_100MHz | HDMI_PS2_i/PS2_Mouse_0/U0/i_wrap/PS_Samp                            | HDMI_PS2_i/PS2_Mouse_0/U0/i_wrap/PS_ClkHL            |                1 |              4 |         4.00 |
|  HDMI_PS2_i/clk_wiz_0/inst/Clk_25MHz  | HDMI_PS2_i/ImgGen2_0/inst/BombY[0][6]_i_1_n_0                       | HDMI_PS2_i/ImgGen2_0/inst/LeftBtn_d                  |                1 |              4 |         4.00 |
|  HDMI_PS2_i/clk_wiz_0/inst/Clk_25MHz  | HDMI_PS2_i/ImgGen2_0/inst/BombY[3][8]_i_1_n_0                       | HDMI_PS2_i/ImgGen2_0/inst/LeftBtn_d                  |                2 |              4 |         2.00 |
|  HDMI_PS2_i/clk_wiz_0/inst/Clk_25MHz  | HDMI_PS2_i/ImgGen2_0/inst/BombY[0]_22                               | HDMI_PS2_i/ImgGen2_0/inst/BombY[4][7]_i_1_n_0        |                2 |              4 |         2.00 |
|  HDMI_PS2_i/clk_wiz_0/inst/Clk_25MHz  | HDMI_PS2_i/ImgGen2_0/inst/BombY[0]_22                               | HDMI_PS2_i/ImgGen2_0/inst/BombY[3][7]_i_1_n_0        |                2 |              4 |         2.00 |
|  HDMI_PS2_i/clk_wiz_0/inst/Clk_100MHz | HDMI_PS2_i/OLED_ASCII_0/U0/wrap/i_I2C/i_FIFO/p_1_in                 |                                                      |                1 |              4 |         4.00 |
|  HDMI_PS2_i/clk_wiz_0/inst/Clk_100MHz | HDMI_PS2_i/OLED_ASCII_0/U0/wrap/i_I2C/sclEnd                        | HDMI_PS2_i/OLED_ASCII_0/U0/wrap/i_I2C/cntBits        |                1 |              4 |         4.00 |
|  HDMI_PS2_i/clk_wiz_0/inst/Clk_100MHz | HDMI_PS2_i/OLED_ASCII_0/U0/wrap/FSM_onehot_state[5]_i_1_n_0         |                                                      |                2 |              5 |         2.50 |
|  HDMI_PS2_i/clk_wiz_0/inst/Clk_25MHz  | HDMI_PS2_i/ImgGen2_0/inst/BombY[0]_22                               | HDMI_PS2_i/ImgGen2_0/inst/BombY[1][8]_i_1_n_0        |                2 |              5 |         2.50 |
|  HDMI_PS2_i/clk_wiz_0/inst/Clk_25MHz  | HDMI_PS2_i/ImgGen2_0/inst/BombY[0]_22                               | HDMI_PS2_i/ImgGen2_0/inst/BombY[2][8]_i_1_n_0        |                3 |              5 |         1.67 |
|  HDMI_PS2_i/clk_wiz_0/inst/Clk_100MHz | HDMI_PS2_i/MouseCtrl_0/inst/curX[9]_i_1_n_0                         | HDMI_PS2_i/MouseCtrl_0/inst/curX[4]_i_1_n_0          |                1 |              5 |         5.00 |
|  HDMI_PS2_i/clk_wiz_0/inst/Clk_25MHz  | HDMI_PS2_i/ImgGen2_0/inst/CoinY[1][7]_i_1_n_0                       | HDMI_PS2_i/ImgGen2_0/inst/LeftBtn_d                  |                2 |              5 |         2.50 |
|  HDMI_PS2_i/clk_wiz_0/inst/Clk_25MHz  | HDMI_PS2_i/ImgGen2_0/inst/BombY[0]_22                               | HDMI_PS2_i/ImgGen2_0/inst/BombY[5][8]_i_1_n_0        |                3 |              5 |         1.67 |
|  HDMI_PS2_i/clk_wiz_0/inst/Clk_25MHz  | HDMI_PS2_i/ImgGen2_0/inst/BombY[6][7]_i_1_n_0                       | HDMI_PS2_i/ImgGen2_0/inst/LeftBtn_d                  |                2 |              5 |         2.50 |
|  HDMI_PS2_i/clk_wiz_0/inst/Clk_100MHz | HDMI_PS2_i/OLED_ASCII_0/U0/wrap/addrROM[5]_i_2_n_0                  | HDMI_PS2_i/OLED_ASCII_0/U0/wrap/addrROM[5]_i_1_n_0   |                2 |              6 |         3.00 |
|  HDMI_PS2_i/clk_wiz_0/inst/Clk_25MHz  | HDMI_PS2_i/ImgGen2_0/inst/BombY[0]_22                               | HDMI_PS2_i/ImgGen2_0/inst/LeftBtn_d                  |                3 |              6 |         2.00 |
|  HDMI_PS2_i/clk_wiz_0/inst/Clk_25MHz  | HDMI_PS2_i/ImgGen2_0/inst/BombY[0]_22                               | HDMI_PS2_i/ImgGen2_0/inst/CoinY[0][8]_i_1_n_0        |                2 |              6 |         3.00 |
|  HDMI_PS2_i/clk_wiz_0/inst/Clk_25MHz  | HDMI_PS2_i/ImgGen2_0/inst/BombY[0]_22                               | HDMI_PS2_i/ImgGen2_0/inst/CoinY[2][8]_i_1_n_0        |                2 |              7 |         3.50 |
|  HDMI_PS2_i/clk_wiz_0/inst/Clk_100MHz | HDMI_PS2_i/OLED_ASCII_0/U0/wrap/i_Ctrl/ASCII0                       |                                                      |                3 |              7 |         2.33 |
|  HDMI_PS2_i/clk_wiz_0/inst/Clk_100MHz | HDMI_PS2_i/OLED_ASCII_0/U0/wrap/i_Ctrl/FSM_onehot_state_reg_n_0_[6] | HDMI_PS2_i/OLED_ASCII_0/U0/wrap/i_Ctrl/Col_Start     |                3 |              7 |         2.33 |
|  HDMI_PS2_i/clk_wiz_0/inst/Clk_100MHz | HDMI_PS2_i/OLED_GameInfo_0/inst/ascii_reg                           | HDMI_PS2_i/clk_wiz_0/inst/locked                     |                2 |              7 |         3.50 |
|  HDMI_PS2_i/clk_wiz_0/inst/Clk_100MHz | HDMI_PS2_i/OLED_ASCII_0/U0/wrap/i_Ctrl/Row                          | HDMI_PS2_i/OLED_ASCII_0/U0/wrap/i_Ctrl/Col_Start     |                1 |              8 |         8.00 |
|  HDMI_PS2_i/clk_wiz_0/inst/Clk_25MHz  | HDMI_PS2_i/ImgGen2_0/inst/BombX[0]140_out                           | HDMI_PS2_i/ImgGen2_0/inst/LeftBtn_d                  |                3 |              8 |         2.67 |
|  HDMI_PS2_i/clk_wiz_0/inst/Clk_100MHz | HDMI_PS2_i/OLED_GameInfo_0/inst/prev_state[7]_i_1_n_0               | HDMI_PS2_i/clk_wiz_0/inst/locked                     |                2 |              8 |         4.00 |
|  HDMI_PS2_i/clk_wiz_0/inst/Clk_100MHz | HDMI_PS2_i/OLED_ASCII_0/U0/wrap/sregOut[7]_i_2_n_0                  | HDMI_PS2_i/OLED_ASCII_0/U0/wrap/i_I2C/RdNotWr0       |                2 |              8 |         4.00 |
|  HDMI_PS2_i/clk_wiz_0/inst/Clk_100MHz |                                                                     | HDMI_PS2_i/OLED_ASCII_0/U0/wrap/Mask[7]_i_1_n_0      |                5 |              8 |         1.60 |
|  HDMI_PS2_i/clk_wiz_0/inst/Clk_100MHz | HDMI_PS2_i/PS2_Mouse_0/U0/i_wrap/B3_Y0                              |                                                      |                3 |              8 |         2.67 |
|  HDMI_PS2_i/clk_wiz_0/inst/Clk_100MHz | HDMI_PS2_i/PS2_Mouse_0/U0/i_wrap/B2_X0                              |                                                      |                2 |              8 |         4.00 |
|  HDMI_PS2_i/clk_wiz_0/inst/Clk_25MHz  | HDMI_PS2_i/ImgGen2_0/inst/BombY[3][7]_i_1_n_0                       |                                                      |                2 |             10 |         5.00 |
|  HDMI_PS2_i/clk_wiz_0/inst/Clk_25MHz  | HDMI_PS2_i/ImgGen2_0/inst/BombY[0][8]_i_1_n_0                       |                                                      |                4 |             10 |         2.50 |
|  HDMI_PS2_i/clk_wiz_0/inst/Clk_100MHz | HDMI_PS2_i/PS2_Mouse_0/U0/i_wrap/FSM_onehot_State[8]_i_1_n_0        | PL_USER_PB_3_IBUF_inst/O                             |                2 |             10 |         5.00 |
|  HDMI_PS2_i/clk_wiz_0/inst/Clk_100MHz | HDMI_PS2_i/PS2_Mouse_0/U0/i_wrap/srCmdF41                           | HDMI_PS2_i/PS2_Mouse_0/U0/i_wrap/srCmdF4             |                2 |             10 |         5.00 |
|  HDMI_PS2_i/clk_wiz_0/inst/Clk_100MHz | HDMI_PS2_i/PS2_Mouse_0/U0/i_wrap/PS_ClkHL                           |                                                      |                5 |             10 |         2.00 |
|  HDMI_PS2_i/clk_wiz_0/inst/Clk_25MHz  | HDMI_PS2_i/ImgGen2_0/inst/CoinY[1][8]_i_1_n_0                       |                                                      |                2 |             10 |         5.00 |
|  HDMI_PS2_i/clk_wiz_0/inst/Clk_25MHz  | HDMI_PS2_i/ImgGen2_0/inst/CoinY[0][8]_i_1_n_0                       |                                                      |                4 |             10 |         2.50 |
|  HDMI_PS2_i/clk_wiz_0/inst/Clk_25MHz  | HDMI_PS2_i/ImgGen2_0/inst/BombY[1][8]_i_1_n_0                       |                                                      |                2 |             10 |         5.00 |
|  HDMI_PS2_i/clk_wiz_0/inst/Clk_25MHz  | HDMI_PS2_i/ImgGen2_0/inst/BombY[6][8]_i_1_n_0                       |                                                      |                3 |             10 |         3.33 |
|  HDMI_PS2_i/clk_wiz_0/inst/Clk_25MHz  | HDMI_PS2_i/VideoTiming_0/inst/cntX_TC                               | HDMI_PS2_i/VideoTiming_0/inst/cntY[9]_i_1_n_0        |                3 |             10 |         3.33 |
|  HDMI_PS2_i/clk_wiz_0/inst/Clk_25MHz  |                                                                     | HDMI_PS2_i/VideoTiming_0/inst/cntX[9]_i_1_n_0        |                4 |             10 |         2.50 |
|  HDMI_PS2_i/clk_wiz_0/inst/Clk_100MHz | HDMI_PS2_i/OLED_ASCII_0/U0/wrap/i_Ctrl/cnt20b0                      | HDMI_PS2_i/OLED_ASCII_0/U0/wrap/i_Ctrl/Col_Start     |                2 |             10 |         5.00 |
|  HDMI_PS2_i/clk_wiz_0/inst/Clk_25MHz  | HDMI_PS2_i/ImgGen2_0/inst/BombY[4][7]_i_1_n_0                       |                                                      |                2 |             10 |         5.00 |
|  HDMI_PS2_i/clk_wiz_0/inst/Clk_25MHz  | HDMI_PS2_i/ImgGen2_0/inst/BombY[5][8]_i_1_n_0                       |                                                      |                4 |             10 |         2.50 |
|  HDMI_PS2_i/clk_wiz_0/inst/Clk_25MHz  | HDMI_PS2_i/ImgGen2_0/inst/CoinY[2][8]_i_1_n_0                       |                                                      |                3 |             10 |         3.33 |
|  HDMI_PS2_i/clk_wiz_0/inst/Clk_25MHz  | HDMI_PS2_i/ImgGen2_0/inst/BombY[2][8]_i_1_n_0                       |                                                      |                4 |             10 |         2.50 |
|  HDMI_PS2_i/clk_wiz_0/inst/Clk_25MHz  |                                                                     | HDMI_PS2_i/HDMI_TX_0/U0/i_wrap/Cnt[4]_i_1_n_0        |                9 |             12 |         1.33 |
|  HDMI_PS2_i/clk_wiz_0/inst/Clk_100MHz | HDMI_PS2_i/MouseCtrl_0/inst/curX[9]_i_1_n_0                         |                                                      |                4 |             12 |         3.00 |
|  HDMI_PS2_i/clk_wiz_0/inst/Clk_100MHz |                                                                     | HDMI_PS2_i/OLED_ASCII_0/U0/wrap/i_I2C/cntSCL         |                5 |             15 |         3.00 |
|  HDMI_PS2_i/clk_wiz_0/inst/Clk_100MHz | HDMI_PS2_i/OLED_ASCII_0/U0/wrap/RAM_reg_0_15_0_7_i_1_n_0            |                                                      |                3 |             20 |         6.67 |
|  HDMI_PS2_i/clk_wiz_0/inst/Clk_100MHz | HDMI_PS2_i/OLED_ASCII_0/U0/wrap/FSM_onehot_state[20]_i_1_n_0        | HDMI_PS2_i/OLED_GameInfo_0/inst/ClrScr               |                3 |             21 |         7.00 |
|  HDMI_PS2_i/clk_wiz_0/inst/Clk_100MHz |                                                                     |                                                      |               11 |             24 |         2.18 |
|  HDMI_PS2_i/clk_wiz_0/inst/Clk_100MHz | HDMI_PS2_i/OLED_GameInfo_0/inst/FSM_onehot_state[27]_i_1_n_0        | HDMI_PS2_i/clk_wiz_0/inst/locked                     |                5 |             28 |         5.60 |
|  HDMI_PS2_i/clk_wiz_0/inst/Clk_25MHz  |                                                                     |                                                      |               12 |             31 |         2.58 |
|  HDMI_PS2_i/clk_wiz_0/inst/Clk_125Mhz |                                                                     | HDMI_PS2_i/clk_wiz_0/inst/locked                     |               12 |             33 |         2.75 |
+---------------------------------------+---------------------------------------------------------------------+------------------------------------------------------+------------------+----------------+--------------+


