Copyright 1986-2022 Xilinx, Inc. All Rights Reserved. Copyright 2022-2025 Advanced Micro Devices, Inc. All Rights Reserved.
--------------------------------------------------------------------------------------------------------------------------------------------------------------------------------------
| Tool Version : Vivado v.2025.1 (win64) Build 6140274 Thu May 22 00:12:29 MDT 2025
| Date         : Mon May 11 09:37:16 2026
| Host         : Lab016-05 running 64-bit major release  (build 9200)
| Command      : report_methodology -file HDMI_PS2_wrapper_methodology_drc_routed.rpt -pb HDMI_PS2_wrapper_methodology_drc_routed.pb -rpx HDMI_PS2_wrapper_methodology_drc_routed.rpx
| Design       : HDMI_PS2_wrapper
| Device       : xczu3eg-sfvc784-2-e
| Speed File   : -2
| Design State : Fully Routed
--------------------------------------------------------------------------------------------------------------------------------------------------------------------------------------

Report Methodology

Table of Contents
-----------------
1. REPORT SUMMARY
2. REPORT DETAILS

1. REPORT SUMMARY
-----------------
            Netlist: netlist
          Floorplan: design_1
      Design limits: <entire design considered>
             Max checks: <unlimited>
             Checks found: 9
+-----------+----------+-------------------------------+--------+
| Rule      | Severity | Description                   | Checks |
+-----------+----------+-------------------------------+--------+
| TIMING-18 | Warning  | Missing input or output delay | 9      |
+-----------+----------+-------------------------------+--------+

2. REPORT DETAILS
-----------------
TIMING-18#1 Warning
Missing input or output delay  
An input delay is missing on OLED_SCL relative to the rising and/or falling clock edge(s) of clk_100mhz_clk_p.
Related violations: <none>

TIMING-18#2 Warning
Missing input or output delay  
An input delay is missing on OLED_SDA relative to the rising and/or falling clock edge(s) of clk_100mhz_clk_p.
Related violations: <none>

TIMING-18#3 Warning
Missing input or output delay  
An input delay is missing on PL_USER_PB_3 relative to the rising and/or falling clock edge(s) of clk_100mhz_clk_p.
Related violations: <none>

TIMING-18#4 Warning
Missing input or output delay  
An input delay is missing on PS2B_Clk relative to the rising and/or falling clock edge(s) of clk_100mhz_clk_p.
Related violations: <none>

TIMING-18#5 Warning
Missing input or output delay  
An input delay is missing on PS2B_Data relative to the rising and/or falling clock edge(s) of clk_100mhz_clk_p.
Related violations: <none>

TIMING-18#6 Warning
Missing input or output delay  
An output delay is missing on OLED_SCL relative to the rising and/or falling clock edge(s) of clk_100mhz_clk_p.
Related violations: <none>

TIMING-18#7 Warning
Missing input or output delay  
An output delay is missing on OLED_SDA relative to the rising and/or falling clock edge(s) of clk_100mhz_clk_p.
Related violations: <none>

TIMING-18#8 Warning
Missing input or output delay  
An output delay is missing on PS2B_Clk relative to the rising and/or falling clock edge(s) of clk_100mhz_clk_p.
Related violations: <none>

TIMING-18#9 Warning
Missing input or output delay  
An output delay is missing on PS2B_Data relative to the rising and/or falling clock edge(s) of clk_100mhz_clk_p.
Related violations: <none>


