Copyright 1986-2022 Xilinx, Inc. All Rights Reserved. Copyright 2022-2025 Advanced Micro Devices, Inc. All Rights Reserved.
---------------------------------------------------------------------------------------------------------------------------------------------
| Tool Version : Vivado v.2025.1 (win64) Build 6140274 Thu May 22 00:12:29 MDT 2025
| Date         : Mon May 11 09:36:59 2026
| Host         : Lab016-05 running 64-bit major release  (build 9200)
| Command      : report_utilization -file HDMI_PS2_wrapper_utilization_placed.rpt -pb HDMI_PS2_wrapper_utilization_placed.pb
| Design       : HDMI_PS2_wrapper
| Device       : xczu3eg-sfvc784-2-e
| Speed File   : -2
| Design State : Fully Placed
---------------------------------------------------------------------------------------------------------------------------------------------

Utilization Design Information

Table of Contents
-----------------
1. CLB Logic
1.1 Summary of Registers by Type
2. CLB Logic Distribution
3. BLOCKRAM
4. ARITHMETIC
5. I/O
6. CLOCK
7. ADVANCED
8. CONFIGURATION
9. Primitives
10. Black Boxes
11. Instantiated Netlists

1. CLB Logic
------------

+----------------------------+------+-------+------------+-----------+-------+
|          Site Type         | Used | Fixed | Prohibited | Available | Util% |
+----------------------------+------+-------+------------+-----------+-------+
| CLB LUTs                   | 2610 |     0 |          0 |     70560 |  3.70 |
|   LUT as Logic             | 2602 |     0 |          0 |     70560 |  3.69 |
|   LUT as Memory            |    8 |     0 |          0 |     28800 |  0.03 |
|     LUT as Distributed RAM |    8 |     0 |            |           |       |
|     LUT as Shift Register  |    0 |     0 |            |           |       |
| CLB Registers              |  560 |     0 |          0 |    141120 |  0.40 |
|   Register as Flip Flop    |  560 |     0 |          0 |    141120 |  0.40 |
|   Register as Latch        |    0 |     0 |          0 |    141120 |  0.00 |
| CARRY8                     |  273 |     0 |          0 |      8820 |  3.10 |
| F7 Muxes                   |   12 |     0 |          0 |     35280 |  0.03 |
| F8 Muxes                   |    0 |     0 |          0 |     17640 |  0.00 |
| F9 Muxes                   |    0 |     0 |          0 |      8820 |  0.00 |
+----------------------------+------+-------+------------+-----------+-------+
* Warning! LUT value is adjusted to account for LUT combining.


1.1 Summary of Registers by Type
--------------------------------

+-------+--------------+-------------+--------------+
| Total | Clock Enable | Synchronous | Asynchronous |
+-------+--------------+-------------+--------------+
| 0     |            _ |           - |            - |
| 0     |            _ |           - |          Set |
| 0     |            _ |           - |        Reset |
| 0     |            _ |         Set |            - |
| 0     |            _ |       Reset |            - |
| 0     |          Yes |           - |            - |
| 0     |          Yes |           - |          Set |
| 0     |          Yes |           - |        Reset |
| 60    |          Yes |         Set |            - |
| 502   |          Yes |       Reset |            - |
+-------+--------------+-------------+--------------+


2. CLB Logic Distribution
-------------------------

+--------------------------------------------+------+-------+------------+-----------+-------+
|                  Site Type                 | Used | Fixed | Prohibited | Available | Util% |
+--------------------------------------------+------+-------+------------+-----------+-------+
| CLB                                        |  470 |     0 |          0 |      8820 |  5.33 |
|   CLBL                                     |  220 |     0 |            |           |       |
|   CLBM                                     |  250 |     0 |            |           |       |
| LUT as Logic                               | 2602 |     0 |          0 |     70560 |  3.69 |
|   using O5 output only                     |   54 |       |            |           |       |
|   using O6 output only                     | 1866 |       |            |           |       |
|   using O5 and O6                          |  682 |       |            |           |       |
| LUT as Memory                              |    8 |     0 |          0 |     28800 |  0.03 |
|   LUT as Distributed RAM                   |    8 |     0 |            |           |       |
|     using O5 output only                   |    0 |       |            |           |       |
|     using O6 output only                   |    0 |       |            |           |       |
|     using O5 and O6                        |    8 |       |            |           |       |
|   LUT as Shift Register                    |    0 |     0 |            |           |       |
|     using O5 output only                   |    0 |       |            |           |       |
|     using O6 output only                   |    0 |       |            |           |       |
|     using O5 and O6                        |    0 |       |            |           |       |
| CLB Registers                              |  560 |     0 |          0 |    141120 |  0.40 |
|   Register driven from within the CLB      |  426 |       |            |           |       |
|   Register driven from outside the CLB     |  134 |       |            |           |       |
|     LUT in front of the register is unused |   94 |       |            |           |       |
|     LUT in front of the register is used   |   40 |       |            |           |       |
| Unique Control Sets                        |   71 |       |          0 |     17640 |  0.40 |
+--------------------------------------------+------+-------+------------+-----------+-------+
* * Note: Available Control Sets calculated as Slices * 2, Review the Control Sets Report for more information regarding control sets.


3. BLOCKRAM
-----------

+-------------------+------+-------+------------+-----------+-------+
|     Site Type     | Used | Fixed | Prohibited | Available | Util% |
+-------------------+------+-------+------------+-----------+-------+
| Block RAM Tile    |    1 |     0 |          0 |       216 |  0.46 |
|   RAMB36/FIFO*    |    0 |     0 |          0 |       216 |  0.00 |
|   RAMB18          |    2 |     0 |          0 |       432 |  0.46 |
|     RAMB18E2 only |    2 |       |            |           |       |
+-------------------+------+-------+------------+-----------+-------+
* Note: Each Block RAM Tile only has one FIFO logic available and therefore can accommodate only one FIFO36E2 or one FIFO18E2. However, if a FIFO18E2 occupies a Block RAM Tile, that tile can still accommodate a RAMB18E2


4. ARITHMETIC
-------------

+----------------+------+-------+------------+-----------+-------+
|    Site Type   | Used | Fixed | Prohibited | Available | Util% |
+----------------+------+-------+------------+-----------+-------+
| DSPs           |   20 |     0 |          0 |       360 |  5.56 |
|   DSP48E2 only |   20 |       |            |           |       |
+----------------+------+-------+------------+-----------+-------+


5. I/O
------

+------------------+------+-------+------------+-----------+-------+
|     Site Type    | Used | Fixed | Prohibited | Available | Util% |
+------------------+------+-------+------------+-----------+-------+
| Bonded IOB       |   15 |    15 |          0 |       252 |  5.95 |
|   HPIOB_M        |    1 |     1 |          0 |        72 |  1.39 |
|     INPUT        |    1 |       |            |           |       |
|     OUTPUT       |    0 |       |            |           |       |
|     BIDIR        |    0 |       |            |           |       |
|   HPIOB_S        |    2 |     2 |          0 |        72 |  2.78 |
|     INPUT        |    2 |       |            |           |       |
|     OUTPUT       |    0 |       |            |           |       |
|     BIDIR        |    0 |       |            |           |       |
|   HDIOB_M        |    5 |     5 |          0 |        48 | 10.42 |
|     INPUT        |    0 |       |            |           |       |
|     OUTPUT       |    4 |       |            |           |       |
|     BIDIR        |    1 |       |            |           |       |
|   HDIOB_S        |    7 |     7 |          0 |        48 | 14.58 |
|     INPUT        |    0 |       |            |           |       |
|     OUTPUT       |    4 |       |            |           |       |
|     BIDIR        |    3 |       |            |           |       |
|   HPIOB_SNGL     |    0 |     0 |          0 |        12 |  0.00 |
| HPIOBDIFFINBUF   |    1 |     1 |          0 |        72 |  1.39 |
|   DIFFINBUF      |    1 |     1 |            |           |       |
| HPIOBDIFFOUTBUF  |    0 |     0 |          0 |        72 |  0.00 |
| HDIOBDIFFINBUF   |    0 |     0 |          0 |        48 |  0.00 |
| BITSLICE_CONTROL |    0 |     0 |          0 |        24 |  0.00 |
| BITSLICE_RX_TX   |    0 |     0 |          0 |       936 |  0.00 |
| BITSLICE_TX      |    0 |     0 |          0 |        24 |  0.00 |
| RIU_OR           |    0 |     0 |          0 |        12 |  0.00 |
+------------------+------+-------+------------+-----------+-------+


6. CLOCK
--------

+------------+------+-------+------------+-----------+-------+
|  Site Type | Used | Fixed | Prohibited | Available | Util% |
+------------+------+-------+------------+-----------+-------+
| BUFGCE     |    3 |     0 |          0 |        88 |  3.41 |
| BUFGCE_DIV |    0 |     0 |          0 |        12 |  0.00 |
| BUFG_PS    |    0 |     0 |          0 |        72 |  0.00 |
| BUFGCTRL*  |    0 |     0 |          0 |        24 |  0.00 |
| PLL        |    0 |     0 |          0 |         6 |  0.00 |
| MMCM       |    1 |     0 |          0 |         3 | 33.33 |
+------------+------+-------+------------+-----------+-------+
* Note: Each used BUFGCTRL counts as two GLOBAL CLOCK BUFFERs. This table does not include global clocking resources, only buffer cell usage. See the Clock Utilization Report (report_clock_utilization) for detailed accounting of global clocking resource availability.


7. ADVANCED
-----------

+-----------+------+-------+------------+-----------+-------+
| Site Type | Used | Fixed | Prohibited | Available | Util% |
+-----------+------+-------+------------+-----------+-------+
| PS8       |    0 |     0 |          0 |         1 |  0.00 |
| SYSMONE4  |    0 |     0 |          0 |         1 |  0.00 |
+-----------+------+-------+------------+-----------+-------+


8. CONFIGURATION
----------------

+-------------+------+-------+------------+-----------+-------+
|  Site Type  | Used | Fixed | Prohibited | Available | Util% |
+-------------+------+-------+------------+-----------+-------+
| BSCANE2     |    0 |     0 |          0 |         4 |  0.00 |
| DNA_PORTE2  |    0 |     0 |          0 |         1 |  0.00 |
| EFUSE_USR   |    0 |     0 |          0 |         1 |  0.00 |
| FRAME_ECCE4 |    0 |     0 |          0 |         1 |  0.00 |
| ICAPE3      |    0 |     0 |          0 |         2 |  0.00 |
| MASTER_JTAG |    0 |     0 |          0 |         1 |  0.00 |
| STARTUPE3   |    0 |     0 |          0 |         1 |  0.00 |
+-------------+------+-------+------------+-----------+-------+


9. Primitives
-------------

+------------+------+---------------------+
|  Ref Name  | Used | Functional Category |
+------------+------+---------------------+
| LUT6       |  858 |                 CLB |
| LUT2       |  771 |                 CLB |
| LUT4       |  620 |                 CLB |
| FDRE       |  502 |            Register |
| LUT5       |  496 |                 CLB |
| LUT3       |  385 |                 CLB |
| CARRY8     |  273 |                 CLB |
| LUT1       |  154 |                 CLB |
| FDSE       |   60 |            Register |
| DSP48E2    |   20 |          Arithmetic |
| RAMD32     |   14 |                 CLB |
| MUXF7      |   12 |                 CLB |
| OSERDESE3  |    8 |                 I/O |
| OBUF       |    8 |                 I/O |
| IBUFCTRL   |    6 |              Others |
| INBUF      |    5 |                 I/O |
| OBUFT      |    4 |                 I/O |
| BUFGCE     |    3 |               Clock |
| RAMS32     |    2 |                 CLB |
| RAMB18E2   |    2 |            BLOCKRAM |
| MMCME4_ADV |    1 |               Clock |
| DIFFINBUF  |    1 |                 I/O |
+------------+------+---------------------+


10. Black Boxes
---------------

+----------+------+
| Ref Name | Used |
+----------+------+


11. Instantiated Netlists
-------------------------

+----------------------------+------+
|          Ref Name          | Used |
+----------------------------+------+
| HDMI_PS2_clk_wiz_0_0       |    1 |
| HDMI_PS2_VideoTiming_0_0   |    1 |
| HDMI_PS2_PS2_Mouse_0_0     |    1 |
| HDMI_PS2_OLED_GameInfo_0_0 |    1 |
| HDMI_PS2_OLED_ASCII_0_0    |    1 |
| HDMI_PS2_MouseCtrl_0_1     |    1 |
| HDMI_PS2_ImgGen2_0_0       |    1 |
| HDMI_PS2_HDMI_TX_0_0       |    1 |
+----------------------------+------+


